0 info it worked if it ends with ok
1 verbose cli [ 'node',
1 verbose cli   '/usr/local/bin/npm',
1 verbose cli   'install',
1 verbose cli   'angular-google-maps',
1 verbose cli   '--save' ]
2 info using npm@1.4.15
3 info using node@v0.10.28
4 verbose node symlink /usr/local/bin/node
5 warn package.json crimespaceangular@0.0.0 No repository field.
6 verbose readDependencies using package.json deps
7 verbose cache add [ 'angular-google-maps', null ]
8 verbose cache add name=undefined spec="angular-google-maps" args=["angular-google-maps",null]
9 verbose parsed url { protocol: null,
9 verbose parsed url   slashes: null,
9 verbose parsed url   auth: null,
9 verbose parsed url   host: null,
9 verbose parsed url   port: null,
9 verbose parsed url   hostname: null,
9 verbose parsed url   hash: null,
9 verbose parsed url   search: null,
9 verbose parsed url   query: null,
9 verbose parsed url   pathname: 'angular-google-maps',
9 verbose parsed url   path: 'angular-google-maps',
9 verbose parsed url   href: 'angular-google-maps' }
10 silly lockFile 804bc49b-angular-google-maps angular-google-maps
11 verbose lock angular-google-maps /Users/dyang/.npm/804bc49b-angular-google-maps.lock
12 silly lockFile 804bc49b-angular-google-maps angular-google-maps
13 silly lockFile 804bc49b-angular-google-maps angular-google-maps
14 verbose addNamed [ 'angular-google-maps', '' ]
15 verbose addNamed [ null, '*' ]
16 silly lockFile 66bf3552-angular-google-maps angular-google-maps@
17 verbose lock angular-google-maps@ /Users/dyang/.npm/66bf3552-angular-google-maps.lock
18 silly addNameRange { name: 'angular-google-maps', range: '*', hasData: false }
19 verbose url raw angular-google-maps
20 verbose url resolving [ 'https://registry.npmjs.org/', './angular-google-maps' ]
21 verbose url resolved https://registry.npmjs.org/angular-google-maps
22 info trying registry request attempt 1 at 00:05:24
23 http GET https://registry.npmjs.org/angular-google-maps
24 http 404 https://registry.npmjs.org/angular-google-maps
25 silly registry.get cb [ 404,
25 silly registry.get   { date: 'Thu, 30 Oct 2014 04:05:25 GMT',
25 silly registry.get     server: 'CouchDB/1.5.0 (Erlang OTP/R16B03)',
25 silly registry.get     etag: '"DSCL5IKCKGH8T422S1AMSE4Z0"',
25 silly registry.get     'content-type': 'application/json',
25 silly registry.get     'cache-control': 'max-age=0',
25 silly registry.get     'content-length': '490',
25 silly registry.get     'accept-ranges': 'bytes',
25 silly registry.get     via: '1.1 varnish',
25 silly registry.get     age: '0',
25 silly registry.get     'x-served-by': 'cache-jfk1022-JFK',
25 silly registry.get     'x-cache': 'MISS',
25 silly registry.get     'x-cache-hits': '0',
25 silly registry.get     'x-timer': 'S1414641924.963280,VS0,VE360',
25 silly registry.get     vary: 'Accept',
25 silly registry.get     'keep-alive': 'timeout=10, max=50',
25 silly registry.get     connection: 'Keep-Alive' } ]
26 silly lockFile 66bf3552-angular-google-maps angular-google-maps@
27 silly lockFile 66bf3552-angular-google-maps angular-google-maps@
28 error 404 Not Found
28 error 404
28 error 404 'angular-google-maps' is not in the npm registry.
28 error 404 You should bug the author to publish it
28 error 404 It was specified as a dependency of 'crimespaceangular'
28 error 404
28 error 404 Note that you can also install from a
28 error 404 tarball, folder, or http url, or git url.
29 error System Darwin 14.0.0
30 error command "node" "/usr/local/bin/npm" "install" "angular-google-maps" "--save"
31 error cwd /Users/dyang/Desktop/Crimen
32 error node -v v0.10.28
33 error npm -v 1.4.15
34 error code E404
35 verbose exit [ 1, true ]
